{"/home/gustavo/Documentos/Mercadao/Mercado-Universitario-FrontEnd/src/AuthMethods.js": {"path":"/home/gustavo/Documentos/Mercadao/Mercado-Universitario-FrontEnd/src/AuthMethods.js","statementMap":{"0":{"start":{"line":3,"column":25},"end":{"line":3,"column":40}},"1":{"start":{"line":5,"column":24},"end":{"line":13,"column":1}},"2":{"start":{"line":6,"column":4},"end":{"line":12,"column":5}},"3":{"start":{"line":7,"column":8},"end":{"line":7,"column":53}},"4":{"start":{"line":8,"column":8},"end":{"line":8,"column":40}},"5":{"start":{"line":11,"column":8},"end":{"line":11,"column":47}},"6":{"start":{"line":15,"column":25},"end":{"line":25,"column":1}},"7":{"start":{"line":16,"column":4},"end":{"line":24,"column":5}},"8":{"start":{"line":17,"column":8},"end":{"line":17,"column":49}},"9":{"start":{"line":18,"column":8},"end":{"line":18,"column":39}},"10":{"start":{"line":19,"column":8},"end":{"line":19,"column":20}},"11":{"start":{"line":22,"column":8},"end":{"line":22,"column":46}},"12":{"start":{"line":23,"column":8},"end":{"line":23,"column":21}},"13":{"start":{"line":27,"column":26},"end":{"line":36,"column":1}},"14":{"start":{"line":28,"column":4},"end":{"line":35,"column":5}},"15":{"start":{"line":29,"column":22},"end":{"line":29,"column":59}},"16":{"start":{"line":30,"column":8},"end":{"line":30,"column":47}},"17":{"start":{"line":33,"column":8},"end":{"line":33,"column":53}},"18":{"start":{"line":34,"column":8},"end":{"line":34,"column":21}},"19":{"start":{"line":38,"column":28},"end":{"line":48,"column":1}},"20":{"start":{"line":39,"column":4},"end":{"line":47,"column":5}},"21":{"start":{"line":40,"column":22},"end":{"line":40,"column":59}},"22":{"start":{"line":41,"column":8},"end":{"line":41,"column":35}},"23":{"start":{"line":42,"column":8},"end":{"line":42,"column":47}},"24":{"start":{"line":45,"column":8},"end":{"line":45,"column":46}},"25":{"start":{"line":46,"column":8},"end":{"line":46,"column":20}}},"fnMap":{"0":{"name":"(anonymous_0)","decl":{"start":{"line":5,"column":24},"end":{"line":5,"column":25}},"loc":{"start":{"line":5,"column":41},"end":{"line":13,"column":1}},"line":5},"1":{"name":"(anonymous_1)","decl":{"start":{"line":15,"column":25},"end":{"line":15,"column":26}},"loc":{"start":{"line":15,"column":37},"end":{"line":25,"column":1}},"line":15},"2":{"name":"(anonymous_2)","decl":{"start":{"line":27,"column":26},"end":{"line":27,"column":27}},"loc":{"start":{"line":27,"column":38},"end":{"line":36,"column":1}},"line":27},"3":{"name":"(anonymous_3)","decl":{"start":{"line":38,"column":28},"end":{"line":38,"column":29}},"loc":{"start":{"line":38,"column":40},"end":{"line":48,"column":1}},"line":38}},"branchMap":{"0":{"loc":{"start":{"line":30,"column":15},"end":{"line":30,"column":46}},"type":"cond-expr","locations":[{"start":{"line":30,"column":34},"end":{"line":30,"column":38}},{"start":{"line":30,"column":41},"end":{"line":30,"column":46}}],"line":30},"1":{"loc":{"start":{"line":42,"column":15},"end":{"line":42,"column":46}},"type":"cond-expr","locations":[{"start":{"line":42,"column":34},"end":{"line":42,"column":39}},{"start":{"line":42,"column":42},"end":{"line":42,"column":46}}],"line":42}},"s":{"0":1,"1":1,"2":0,"3":0,"4":0,"5":0,"6":1,"7":0,"8":0,"9":0,"10":0,"11":0,"12":0,"13":1,"14":0,"15":0,"16":0,"17":0,"18":0,"19":1,"20":0,"21":0,"22":0,"23":0,"24":0,"25":0},"f":{"0":0,"1":0,"2":0,"3":0},"b":{"0":[0,0],"1":[0,0]},"_coverageSchema":"332fd63041d2c1bcb487cc26dd0d5f7d97098a6c","hash":"81355be7b0b06978faac161f890d4cf5545abeb7"}
,"/home/gustavo/Documentos/Mercadao/Mercado-Universitario-FrontEnd/src/components/Field.js": {"path":"/home/gustavo/Documentos/Mercadao/Mercado-Universitario-FrontEnd/src/components/Field.js","statementMap":{"0":{"start":{"line":15,"column":4},"end":{"line":15,"column":17}},"1":{"start":{"line":16,"column":4},"end":{"line":23,"column":6}},"2":{"start":{"line":28,"column":4},"end":{"line":39,"column":5}},"3":{"start":{"line":29,"column":6},"end":{"line":32,"column":7}},"4":{"start":{"line":35,"column":6},"end":{"line":38,"column":7}},"5":{"start":{"line":40,"column":2},"end":{"line":57,"column":3}},"6":{"start":{"line":52,"column":36},"end":{"line":52,"column":79}},"7":{"start":{"line":53,"column":34},"end":{"line":53,"column":57}}},"fnMap":{"0":{"name":"(anonymous_0)","decl":{"start":{"line":14,"column":2},"end":{"line":14,"column":3}},"loc":{"start":{"line":14,"column":21},"end":{"line":24,"column":3}},"line":14},"1":{"name":"(anonymous_1)","decl":{"start":{"line":26,"column":2},"end":{"line":26,"column":3}},"loc":{"start":{"line":26,"column":10},"end":{"line":58,"column":3}},"line":26},"2":{"name":"(anonymous_2)","decl":{"start":{"line":52,"column":24},"end":{"line":52,"column":25}},"loc":{"start":{"line":52,"column":36},"end":{"line":52,"column":79}},"line":52},"3":{"name":"(anonymous_3)","decl":{"start":{"line":53,"column":26},"end":{"line":53,"column":27}},"loc":{"start":{"line":53,"column":34},"end":{"line":53,"column":57}},"line":53}},"branchMap":{"0":{"loc":{"start":{"line":28,"column":4},"end":{"line":39,"column":5}},"type":"if","locations":[{"start":{"line":28,"column":4},"end":{"line":39,"column":5}},{"start":{"line":28,"column":4},"end":{"line":39,"column":5}}],"line":28}},"s":{"0":2,"1":2,"2":2,"3":0,"4":2,"5":2,"6":2,"7":2},"f":{"0":2,"1":2,"2":2,"3":2},"b":{"0":[0,2]},"_coverageSchema":"332fd63041d2c1bcb487cc26dd0d5f7d97098a6c","hash":"1612ee14cb5031fb609b3e3f5faa8fab9ae954e0"}
,"/home/gustavo/Documentos/Mercadao/Mercado-Universitario-FrontEnd/src/screens/Login.js": {"path":"/home/gustavo/Documentos/Mercadao/Mercado-Universitario-FrontEnd/src/screens/Login.js","statementMap":{"0":{"start":{"line":18,"column":8},"end":{"line":18,"column":21}},"1":{"start":{"line":19,"column":8},"end":{"line":25,"column":10}},"2":{"start":{"line":28,"column":8},"end":{"line":28,"column":45}},"3":{"start":{"line":29,"column":23},"end":{"line":29,"column":42}},"4":{"start":{"line":30,"column":27},"end":{"line":30,"column":69}},"5":{"start":{"line":31,"column":8},"end":{"line":31,"column":49}},"6":{"start":{"line":33,"column":8},"end":{"line":88,"column":11}},"7":{"start":{"line":43,"column":28},"end":{"line":43,"column":43}},"8":{"start":{"line":45,"column":12},"end":{"line":45,"column":54}},"9":{"start":{"line":47,"column":12},"end":{"line":54,"column":13}},"10":{"start":{"line":48,"column":16},"end":{"line":48,"column":78}},"11":{"start":{"line":49,"column":16},"end":{"line":49,"column":62}},"12":{"start":{"line":52,"column":16},"end":{"line":52,"column":61}},"13":{"start":{"line":53,"column":16},"end":{"line":53,"column":63}},"14":{"start":{"line":57,"column":12},"end":{"line":64,"column":13}},"15":{"start":{"line":58,"column":16},"end":{"line":58,"column":78}},"16":{"start":{"line":59,"column":16},"end":{"line":59,"column":62}},"17":{"start":{"line":62,"column":16},"end":{"line":62,"column":61}},"18":{"start":{"line":63,"column":16},"end":{"line":63,"column":63}},"19":{"start":{"line":67,"column":12},"end":{"line":72,"column":13}},"20":{"start":{"line":68,"column":16},"end":{"line":68,"column":80}},"21":{"start":{"line":71,"column":16},"end":{"line":71,"column":55}},"22":{"start":{"line":74,"column":12},"end":{"line":77,"column":13}},"23":{"start":{"line":75,"column":16},"end":{"line":75,"column":45}},"24":{"start":{"line":76,"column":16},"end":{"line":76,"column":61}},"25":{"start":{"line":80,"column":12},"end":{"line":87,"column":13}},"26":{"start":{"line":81,"column":16},"end":{"line":83,"column":19}},"27":{"start":{"line":82,"column":16},"end":{"line":82,"column":66}},"28":{"start":{"line":85,"column":16},"end":{"line":85,"column":48}},"29":{"start":{"line":86,"column":16},"end":{"line":86,"column":32}},"30":{"start":{"line":89,"column":8},"end":{"line":89,"column":46}},"31":{"start":{"line":92,"column":8},"end":{"line":151,"column":10}},"32":{"start":{"line":103,"column":52},"end":{"line":103,"column":77}},"33":{"start":{"line":110,"column":52},"end":{"line":110,"column":77}},"34":{"start":{"line":116,"column":46},"end":{"line":116,"column":89}},"35":{"start":{"line":117,"column":44},"end":{"line":117,"column":62}},"36":{"start":{"line":131,"column":39},"end":{"line":131,"column":85}},"37":{"start":{"line":138,"column":39},"end":{"line":138,"column":83}},"38":{"start":{"line":156,"column":15},"end":{"line":188,"column":2}}},"fnMap":{"0":{"name":"(anonymous_0)","decl":{"start":{"line":17,"column":4},"end":{"line":17,"column":5}},"loc":{"start":{"line":17,"column":23},"end":{"line":26,"column":5}},"line":17},"1":{"name":"(anonymous_1)","decl":{"start":{"line":27,"column":12},"end":{"line":27,"column":13}},"loc":{"start":{"line":27,"column":24},"end":{"line":90,"column":5}},"line":27},"2":{"name":"(anonymous_2)","decl":{"start":{"line":43,"column":14},"end":{"line":43,"column":15}},"loc":{"start":{"line":43,"column":28},"end":{"line":43,"column":43}},"line":43},"3":{"name":"(anonymous_3)","decl":{"start":{"line":44,"column":14},"end":{"line":44,"column":15}},"loc":{"start":{"line":44,"column":32},"end":{"line":78,"column":9}},"line":44},"4":{"name":"(anonymous_4)","decl":{"start":{"line":79,"column":16},"end":{"line":79,"column":17}},"loc":{"start":{"line":79,"column":23},"end":{"line":88,"column":9}},"line":79},"5":{"name":"(anonymous_5)","decl":{"start":{"line":81,"column":32},"end":{"line":81,"column":33}},"loc":{"start":{"line":81,"column":48},"end":{"line":83,"column":17}},"line":81},"6":{"name":"(anonymous_6)","decl":{"start":{"line":91,"column":4},"end":{"line":91,"column":5}},"loc":{"start":{"line":91,"column":13},"end":{"line":152,"column":5}},"line":91},"7":{"name":"(anonymous_7)","decl":{"start":{"line":103,"column":38},"end":{"line":103,"column":39}},"loc":{"start":{"line":103,"column":52},"end":{"line":103,"column":77}},"line":103},"8":{"name":"(anonymous_8)","decl":{"start":{"line":110,"column":38},"end":{"line":110,"column":39}},"loc":{"start":{"line":110,"column":52},"end":{"line":110,"column":77}},"line":110},"9":{"name":"(anonymous_9)","decl":{"start":{"line":116,"column":34},"end":{"line":116,"column":35}},"loc":{"start":{"line":116,"column":46},"end":{"line":116,"column":89}},"line":116},"10":{"name":"(anonymous_10)","decl":{"start":{"line":117,"column":36},"end":{"line":117,"column":37}},"loc":{"start":{"line":117,"column":44},"end":{"line":117,"column":62}},"line":117},"11":{"name":"(anonymous_11)","decl":{"start":{"line":131,"column":33},"end":{"line":131,"column":34}},"loc":{"start":{"line":131,"column":39},"end":{"line":131,"column":85}},"line":131},"12":{"name":"(anonymous_12)","decl":{"start":{"line":138,"column":33},"end":{"line":138,"column":34}},"loc":{"start":{"line":138,"column":39},"end":{"line":138,"column":83}},"line":138}},"branchMap":{"0":{"loc":{"start":{"line":47,"column":12},"end":{"line":54,"column":13}},"type":"if","locations":[{"start":{"line":47,"column":12},"end":{"line":54,"column":13}},{"start":{"line":47,"column":12},"end":{"line":54,"column":13}}],"line":47},"1":{"loc":{"start":{"line":57,"column":12},"end":{"line":64,"column":13}},"type":"if","locations":[{"start":{"line":57,"column":12},"end":{"line":64,"column":13}},{"start":{"line":57,"column":12},"end":{"line":64,"column":13}}],"line":57},"2":{"loc":{"start":{"line":67,"column":12},"end":{"line":72,"column":13}},"type":"if","locations":[{"start":{"line":67,"column":12},"end":{"line":72,"column":13}},{"start":{"line":67,"column":12},"end":{"line":72,"column":13}}],"line":67},"3":{"loc":{"start":{"line":74,"column":12},"end":{"line":77,"column":13}},"type":"if","locations":[{"start":{"line":74,"column":12},"end":{"line":77,"column":13}},{"start":{"line":74,"column":12},"end":{"line":77,"column":13}}],"line":74},"4":{"loc":{"start":{"line":74,"column":16},"end":{"line":74,"column":80}},"type":"binary-expr","locations":[{"start":{"line":74,"column":16},"end":{"line":74,"column":47}},{"start":{"line":74,"column":51},"end":{"line":74,"column":80}}],"line":74},"5":{"loc":{"start":{"line":80,"column":12},"end":{"line":87,"column":13}},"type":"if","locations":[{"start":{"line":80,"column":12},"end":{"line":87,"column":13}},{"start":{"line":80,"column":12},"end":{"line":87,"column":13}}],"line":80}},"s":{"0":1,"1":1,"2":0,"3":0,"4":0,"5":0,"6":0,"7":0,"8":0,"9":0,"10":0,"11":0,"12":0,"13":0,"14":0,"15":0,"16":0,"17":0,"18":0,"19":0,"20":0,"21":0,"22":0,"23":0,"24":0,"25":0,"26":0,"27":0,"28":0,"29":0,"30":0,"31":1,"32":0,"33":0,"34":1,"35":1,"36":0,"37":0,"38":1},"f":{"0":1,"1":0,"2":0,"3":0,"4":0,"5":0,"6":1,"7":0,"8":0,"9":1,"10":1,"11":0,"12":0},"b":{"0":[0,0],"1":[0,0],"2":[0,0],"3":[0,0],"4":[0,0],"5":[0,0]},"_coverageSchema":"332fd63041d2c1bcb487cc26dd0d5f7d97098a6c","hash":"1508ec880526fc645583540c245983db38b5e4e5"}
}
