TN:
SF:/home/gustavo/Documentos/Mercadao/Mercado-Universitario-FrontEnd/src/AuthMethods.js
FN:5,(anonymous_0)
FN:15,(anonymous_1)
FN:27,(anonymous_2)
FN:38,(anonymous_3)
FNF:4
FNH:0
FNDA:0,(anonymous_0)
FNDA:0,(anonymous_1)
FNDA:0,(anonymous_2)
FNDA:0,(anonymous_3)
DA:3,1
DA:5,1
DA:6,0
DA:7,0
DA:8,0
DA:11,0
DA:15,1
DA:16,0
DA:17,0
DA:18,0
DA:19,0
DA:22,0
DA:23,0
DA:27,1
DA:28,0
DA:29,0
DA:30,0
DA:33,0
DA:34,0
DA:38,1
DA:39,0
DA:40,0
DA:41,0
DA:42,0
DA:45,0
DA:46,0
LF:26
LH:5
BRDA:30,0,0,0
BRDA:30,0,1,0
BRDA:42,1,0,0
BRDA:42,1,1,0
BRF:4
BRH:0
end_of_record
TN:
SF:/home/gustavo/Documentos/Mercadao/Mercado-Universitario-FrontEnd/src/components/Field.js
FN:14,(anonymous_0)
FN:26,(anonymous_1)
FN:52,(anonymous_2)
FN:53,(anonymous_3)
FNF:4
FNH:4
FNDA:2,(anonymous_0)
FNDA:2,(anonymous_1)
FNDA:2,(anonymous_2)
FNDA:2,(anonymous_3)
DA:15,2
DA:16,2
DA:28,2
DA:29,0
DA:35,2
DA:40,2
DA:52,2
DA:53,2
LF:8
LH:7
BRDA:28,0,0,0
BRDA:28,0,1,2
BRF:2
BRH:1
end_of_record
TN:
SF:/home/gustavo/Documentos/Mercadao/Mercado-Universitario-FrontEnd/src/screens/Login.js
FN:17,(anonymous_0)
FN:27,(anonymous_1)
FN:43,(anonymous_2)
FN:44,(anonymous_3)
FN:79,(anonymous_4)
FN:81,(anonymous_5)
FN:91,(anonymous_6)
FN:103,(anonymous_7)
FN:110,(anonymous_8)
FN:116,(anonymous_9)
FN:117,(anonymous_10)
FN:131,(anonymous_11)
FN:138,(anonymous_12)
FNF:13
FNH:4
FNDA:1,(anonymous_0)
FNDA:0,(anonymous_1)
FNDA:0,(anonymous_2)
FNDA:0,(anonymous_3)
FNDA:0,(anonymous_4)
FNDA:0,(anonymous_5)
FNDA:1,(anonymous_6)
FNDA:0,(anonymous_7)
FNDA:0,(anonymous_8)
FNDA:1,(anonymous_9)
FNDA:1,(anonymous_10)
FNDA:0,(anonymous_11)
FNDA:0,(anonymous_12)
DA:18,1
DA:19,1
DA:28,0
DA:29,0
DA:30,0
DA:31,0
DA:33,0
DA:43,0
DA:45,0
DA:47,0
DA:48,0
DA:49,0
DA:52,0
DA:53,0
DA:57,0
DA:58,0
DA:59,0
DA:62,0
DA:63,0
DA:67,0
DA:68,0
DA:71,0
DA:74,0
DA:75,0
DA:76,0
DA:80,0
DA:81,0
DA:82,0
DA:85,0
DA:86,0
DA:89,0
DA:92,1
DA:103,0
DA:110,0
DA:116,1
DA:117,1
DA:131,0
DA:138,0
DA:156,1
LF:39
LH:6
BRDA:47,0,0,0
BRDA:47,0,1,0
BRDA:57,1,0,0
BRDA:57,1,1,0
BRDA:67,2,0,0
BRDA:67,2,1,0
BRDA:74,3,0,0
BRDA:74,3,1,0
BRDA:74,4,0,0
BRDA:74,4,1,0
BRDA:80,5,0,0
BRDA:80,5,1,0
BRF:12
BRH:0
end_of_record
